<?xml version="1.0" encoding="UTF-8"?>
<testng-results skipped="0" failed="0" ignored="0" total="1" passed="1">
  <reporter-output>
  </reporter-output>
  <suite name="Suite" duration-ms="68999" started-at="2020-09-06T07:29:44Z" finished-at="2020-09-06T07:30:53Z">
    <groups>
    </groups>
    <test name="Test" duration-ms="68999" started-at="2020-09-06T07:29:44Z" finished-at="2020-09-06T07:30:53Z">
      <class name="com.yara.assignment.newcorp.LeafTest">
        <test-method status="PASS" signature="Android_LaunchApp()[pri:0, instance:com.yara.assignment.newcorp.LeafTest@5c1a8622]" name="Android_LaunchApp" is-config="true" duration-ms="13220" started-at="2020-09-06T07:29:44Z" finished-at="2020-09-06T07:29:58Z">
          <reporter-output>
          </reporter-output>
        </test-method> <!-- Android_LaunchApp -->
        <test-method status="PASS" signature="test_LeafTest_001()[pri:0, instance:com.yara.assignment.newcorp.LeafTest@5c1a8622]" name="test_LeafTest_001" duration-ms="55398" started-at="2020-09-06T07:29:58Z" finished-at="2020-09-06T07:30:53Z">
          <reporter-output>
          </reporter-output>
        </test-method> <!-- test_LeafTest_001 -->
        <test-method status="PASS" signature="End()[pri:0, instance:com.yara.assignment.newcorp.LeafTest@5c1a8622]" name="End" is-config="true" duration-ms="354" started-at="2020-09-06T07:30:53Z" finished-at="2020-09-06T07:30:53Z">
          <reporter-output>
          </reporter-output>
        </test-method> <!-- End -->
      </class> <!-- com.yara.assignment.newcorp.LeafTest -->
    </test> <!-- Test -->
  </suite> <!-- Suite -->
</testng-results>
